<?xml version="1.0" encoding="UTF-8"?>
<!-- Generated by org.testng.reporters.JUnitReportReporter -->
<testsuite hostname="DESKTOP-1HVA5OC" failures="0" tests="2" name="com.testscript.Orange_hrm" time="13.116" errors="0" timestamp="2023-09-15T11:46:35 IST" skipped="0">
  <testcase classname="com.testscript.Orange_hrm" name="login" time="7.268"/>
  <system-out/>
  <testcase classname="com.testscript.Orange_hrm" name="login" time="5.848"/>
  <system-out/>
</testsuite> <!-- com.testscript.Orange_hrm -->
